#
# There is insufficient memory for the Java Runtime Environment to continue.
# Native memory allocation (mmap) failed to map 65536 bytes for Failed to commit metaspace.
# Possible reasons:
#   The system is out of physical RAM or swap space
#   The process is running with CompressedOops enabled, and the Java Heap may be blocking the growth of the native heap
# Possible solutions:
#   Reduce memory load on the system
#   Increase physical memory or swap space
#   Check if swap backing store is full
#   Decrease Java heap size (-Xmx/-Xms)
#   Decrease number of Java threads
#   Decrease Java thread stack sizes (-Xss)
#   Set larger code cache with -XX:ReservedCodeCacheSize=
#   JVM is running with Zero Based Compressed Oops mode in which the Java heap is
#     placed in the first 32GB address space. The Java Heap base address is the
#     maximum limit for the native heap growth. Please use -XX:HeapBaseMinAddress
#     to set the Java Heap base and to place the Java Heap above 32GB virtual address.
# This output file may be truncated or incomplete.
#
#  Out of Memory Error (virtualSpaceNode.cpp:110), pid=21300, tid=21896
#
# JRE version: OpenJDK Runtime Environment (17.0.9) (build 17.0.9+0--11185874)
# Java VM: OpenJDK 64-Bit Server VM (17.0.9+0--11185874, mixed mode, tiered, compressed oops, compressed class ptrs, g1 gc, windows-amd64)
# No core dump will be written. Minidumps are not enabled by default on client versions of Windows
#

---------------  S U M M A R Y ------------

Command Line: -Dorg.gradle.appname=gradlew org.gradle.wrapper.GradleWrapperMain -q -Ptarget-platform=android-arm64 -Ptarget=D:\Documents\SuperShop_projectHK4\SuperShop-App\lib\main.dart -Pbase-application-name=android.app.Application -Pdart-obfuscation=false -Ptrack-widget-creation=true -Ptree-shake-icons=false -Pfilesystem-scheme=org-dartlang-root assembleDebug

Host: 11th Gen Intel(R) Core(TM) i5-11320H @ 3.20GHz, 8 cores, 15G,  Windows 11 , 64 bit Build 22621 (10.0.22621.3958)
Time: Thu Sep 26 04:35:53 2024 SE Asia Standard Time elapsed time: 0.951239 seconds (0d 0h 0m 0s)

---------------  T H R E A D  ---------------

Current thread (0x000002530e1e4a90):  JavaThread "main" [_thread_in_vm, id=21896, stack(0x000000718be00000,0x000000718bf00000)]

Stack: [0x000000718be00000,0x000000718bf00000]
Native frames: (J=compiled Java code, j=interpreted, Vv=VM code, C=native code)
V  [jvm.dll+0x6886e9]
V  [jvm.dll+0x841e4a]
V  [jvm.dll+0x843a8e]
V  [jvm.dll+0x8440f3]
V  [jvm.dll+0x24c14f]
V  [jvm.dll+0x83ce2b]
V  [jvm.dll+0x62cae6]
V  [jvm.dll+0x1c2f6e]
V  [jvm.dll+0x62f441]
V  [jvm.dll+0x62d486]
V  [jvm.dll+0x24925c]
V  [jvm.dll+0x6dfeed]
V  [jvm.dll+0x6e092f]
V  [jvm.dll+0x379250]
V  [jvm.dll+0x378274]
V  [jvm.dll+0x378218]
V  [jvm.dll+0x38830a]
C  0x0000025318bfb704

The last pc belongs to new (printed below).
Java frames: (J=compiled Java code, j=interpreted, Vv=VM code)
j  org.gradle.cache.internal.filelock.LockFileAccess.<init>(Ljava/io/File;Lorg/gradle/cache/internal/filelock/LockStateAccess;)V+24
j  org.gradle.cache.internal.DefaultFileLockManager$DefaultFileLock.<init>(Lorg/gradle/cache/internal/DefaultFileLockManager;Ljava/io/File;Lorg/gradle/cache/LockOptions;Ljava/lang/String;Ljava/lang/String;ILorg/gradle/api/Action;)V+167
j  org.gradle.cache.internal.DefaultFileLockManager.lock(Ljava/io/File;Lorg/gradle/cache/LockOptions;Ljava/lang/String;Ljava/lang/String;Lorg/gradle/api/Action;)Lorg/gradle/cache/FileLock;+100
j  org.gradle.cache.internal.DefaultFileLockManager.lock(Ljava/io/File;Lorg/gradle/cache/LockOptions;Ljava/lang/String;Ljava/lang/String;)Lorg/gradle/cache/FileLock;+7
j  org.gradle.cache.internal.DefaultFileLockManager.lock(Ljava/io/File;Lorg/gradle/cache/LockOptions;Ljava/lang/String;)Lorg/gradle/cache/FileLock;+6
j  org.gradle.cache.internal.OnDemandFileAccess.readFile(Lorg/gradle/internal/Factory;)Ljava/lang/Object;+18
j  org.gradle.cache.internal.SimpleStateCache.get()Ljava/lang/Object;+12
j  org.gradle.cache.internal.FileIntegrityViolationSuppressingPersistentStateCacheDecorator.get()Ljava/lang/Object;+4
j  org.gradle.launcher.daemon.registry.PersistentDaemonRegistry.getAll()Ljava/util/List;+13
j  org.gradle.launcher.daemon.client.DefaultDaemonConnector.connect(Lorg/gradle/api/internal/specs/ExplainingSpec;)Lorg/gradle/launcher/daemon/client/DaemonClientConnection;+5
j  org.gradle.launcher.daemon.client.DaemonClient.execute(Lorg/gradle/internal/invocation/BuildAction;Lorg/gradle/launcher/exec/BuildActionParameters;Lorg/gradle/initialization/BuildRequestContext;)Lorg/gradle/launcher/exec/BuildActionResult;+62
j  org.gradle.launcher.daemon.client.DaemonClient.execute(Lorg/gradle/internal/invocation/BuildAction;Ljava/lang/Object;Ljava/lang/Object;)Lorg/gradle/launcher/exec/BuildActionResult;+10
j  org.gradle.launcher.cli.RunBuildAction.run()V+74
j  org.gradle.internal.Actions$RunnableActionAdapter.execute(Ljava/lang/Object;)V+4
j  org.gradle.launcher.cli.DefaultCommandLineActionFactory$ParseAndBuildAction.execute(Lorg/gradle/launcher/bootstrap/ExecutionListener;)V+60
j  org.gradle.launcher.cli.DefaultCommandLineActionFactory$ParseAndBuildAction.execute(Ljava/lang/Object;)V+5
j  org.gradle.launcher.cli.DebugLoggerWarningAction.execute(Lorg/gradle/launcher/bootstrap/ExecutionListener;)V+9
j  org.gradle.launcher.cli.DebugLoggerWarningAction.execute(Ljava/lang/Object;)V+5
j  org.gradle.launcher.cli.WelcomeMessageAction.execute(Lorg/gradle/launcher/bootstrap/ExecutionListener;)V+218
j  org.gradle.launcher.cli.WelcomeMessageAction.execute(Ljava/lang/Object;)V+5
j  org.gradle.launcher.cli.NativeServicesInitializingAction.execute(Lorg/gradle/launcher/bootstrap/ExecutionListener;)V+35
j  org.gradle.launcher.cli.NativeServicesInitializingAction.execute(Ljava/lang/Object;)V+5
j  org.gradle.launcher.cli.ExceptionReportingAction.execute(Lorg/gradle/launcher/bootstrap/ExecutionListener;)V+5
j  org.gradle.launcher.cli.ExceptionReportingAction.execute(Ljava/lang/Object;)V+5
j  org.gradle.launcher.cli.DefaultCommandLineActionFactory$WithLogging.execute(Lorg/gradle/launcher/bootstrap/ExecutionListener;)V+299
j  org.gradle.launcher.Main.doAction([Ljava/lang/String;Lorg/gradle/launcher/bootstrap/ExecutionListener;)V+14
j  org.gradle.launcher.bootstrap.EntryPoint.run([Ljava/lang/String;)V+12
v  ~StubRoutines::call_stub
j  jdk.internal.reflect.NativeMethodAccessorImpl.invoke0(Ljava/lang/reflect/Method;Ljava/lang/Object;[Ljava/lang/Object;)Ljava/lang/Object;+0 java.base@17.0.9
j  jdk.internal.reflect.NativeMethodAccessorImpl.invoke(Ljava/lang/Object;[Ljava/lang/Object;)Ljava/lang/Object;+133 java.base@17.0.9
j  jdk.internal.reflect.DelegatingMethodAccessorImpl.invoke(Ljava/lang/Object;[Ljava/lang/Object;)Ljava/lang/Object;+6 java.base@17.0.9
j  java.lang.reflect.Method.invoke(Ljava/lang/Object;[Ljava/lang/Object;)Ljava/lang/Object;+59 java.base@17.0.9
j  org.gradle.launcher.bootstrap.ProcessBootstrap.runNoExit(Ljava/lang/String;[Ljava/lang/String;)V+159
j  org.gradle.launcher.bootstrap.ProcessBootstrap.run(Ljava/lang/String;[Ljava/lang/String;)V+2
v  ~StubRoutines::call_stub
j  jdk.internal.reflect.NativeMethodAccessorImpl.invoke0(Ljava/lang/reflect/Method;Ljava/lang/Object;[Ljava/lang/Object;)Ljava/lang/Object;+0 java.base@17.0.9
j  jdk.internal.reflect.NativeMethodAccessorImpl.invoke(Ljava/lang/Object;[Ljava/lang/Object;)Ljava/lang/Object;+133 java.base@17.0.9
j  jdk.internal.reflect.DelegatingMethodAccessorImpl.invoke(Ljava/lang/Object;[Ljava/lang/Object;)Ljava/lang/Object;+6 java.base@17.0.9
j  java.lang.reflect.Method.invoke(Ljava/lang/Object;[Ljava/lang/Object;)Ljava/lang/Object;+59 java.base@17.0.9
j  org.gradle.launcher.GradleMain.main([Ljava/lang/String;)V+100
v  ~StubRoutines::call_stub
j  jdk.internal.reflect.NativeMethodAccessorImpl.invoke0(Ljava/lang/reflect/Method;Ljava/lang/Object;[Ljava/lang/Object;)Ljava/lang/Object;+0 java.base@17.0.9
j  jdk.internal.reflect.NativeMethodAccessorImpl.invoke(Ljava/lang/Object;[Ljava/lang/Object;)Ljava/lang/Object;+133 java.base@17.0.9
j  jdk.internal.reflect.DelegatingMethodAccessorImpl.invoke(Ljava/lang/Object;[Ljava/lang/Object;)Ljava/lang/Object;+6 java.base@17.0.9
j  java.lang.reflect.Method.invoke(Ljava/lang/Object;[Ljava/lang/Object;)Ljava/lang/Object;+59 java.base@17.0.9
j  org.gradle.wrapper.BootstrapMainStarter.start([Ljava/lang/String;Ljava/io/File;)V+82
j  org.gradle.wrapper.WrapperExecutor.execute([Ljava/lang/String;Lorg/gradle/wrapper/Install;Lorg/gradle/wrapper/BootstrapMainStarter;)V+14
j  org.gradle.wrapper.GradleWrapperMain.main([Ljava/lang/String;)V+190
v  ~StubRoutines::call_stub
new  187 new  [0x0000025318bfb560, 0x0000025318bfb780]  544 bytes
[MachCode]
  0x0000025318bfb560: 4883 ec08 | c5fa 1104 | 24eb 1f48 | 83ec 10c5 | fb11 0424 | eb14 4883 | ec10 4889 | 0424 48c7 
  0x0000025318bfb580: 4424 0800 | 0000 00eb | 0150 410f | b755 010f | cac1 ea10 | 488b 4de8 | 488b 4908 | 488b 4908 
  0x0000025318bfb5a0: 488b 4108 | 807c 1004 | 070f 85df | 0000 0066 | 8b54 d148 | 488b 4928 | 488b 4cd1 | 0851 80b9 
  0x0000025318bfb5c0: 5b01 0000 | 040f 85c2 | 0000 008b | 5108 f7c2 | 0100 0000 | 0f85 b300 | 0000 498b | 8708 0100 
  0x0000025318bfb5e0: 0048 8d1c | 1049 3b9f | 1801 0000 | 0f87 9b00 | 0000 4989 | 9f08 0100 | 00e9 0000 | 0000 4883 
  0x0000025318bfb600: ea10 0f84 | 0f00 0000 | 33c9 c1ea | 0348 894c | d008 48ff | ca75 f648 | c700 0100 | 0000 5933 
  0x0000025318bfb620: f689 700c | 49ba 0000 | 0000 0800 | 0000 492b | ca89 4808 | 49ba 3e39 | 1f4b ff7f | 0000 4180 
  0x0000025318bfb640: 3a00 0f84 | 4000 0000 | 5048 8bc8 | 4883 ec20 | f7c4 0f00 | 0000 0f84 | 1a00 0000 | 4883 ec08 
  0x0000025318bfb660: 49ba f0ec | d44a ff7f | 0000 41ff | d248 83c4 | 08e9 0d00 | 0000 49ba | f0ec d44a | ff7f 0000 
  0x0000025318bfb680: 41ff d248 | 83c4 2058 | e9cd 0000 | 0059 488b | 55e8 488b | 5208 488b | 5208 450f | b745 0141 
  0x0000025318bfb6a0: 0fc8 41c1 | e810 e805 | 0000 00e9 | aa00 0000 | 488d 4424 | 084c 896d | c049 8bcf | c5f8 7749 
  0x0000025318bfb6c0: 89af a802 | 0000 4989 | 8798 0200 | 0048 83ec | 20f7 c40f | 0000 000f | 841a 0000 | 0048 83ec 
  0x0000025318bfb6e0: 0849 ba80 | 829e 4aff | 7f00 0041 | ffd2 4883 | c408 e90d | 0000 0049 | ba80 829e | 4aff 7f00 
  0x0000025318bfb700: 0041 ffd2 | 4883 c420 | 49c7 8798 | 0200 0000 | 0000 0049 | c787 a802 | 0000 0000 | 0000 49c7 
  0x0000025318bfb720: 87a0 0200 | 0000 0000 | 00c5 f877 | 4981 7f08 | 0000 0000 | 0f84 0500 | 0000 e9c1 | 57fe ff49 
  0x0000025318bfb740: 8b87 f002 | 0000 49c7 | 87f0 0200 | 0000 0000 | 004c 8b6d | c04c 8b75 | c8c3 410f | b65d 0349 
  0x0000025318bfb760: 83c5 0349 | ba40 9f21 | 4bff 7f00 | 0041 ff24 | da0f 1f80 | 0000 0000 | 0000 0000 | 0000 0000 
[/MachCode]

---------------  P R O C E S S  ---------------

Threads class SMR info:
_java_thread_list=0x0000025331a395d0, length=14, elements={
0x000002530e1e4a90, 0x000002532cb9b0e0, 0x000002532cb9bbb0, 0x000002532cbfaa70,
0x000002532cbd65f0, 0x000002532cbd6ec0, 0x000002532cbd7790, 0x000002532cbfc680,
0x000002532cbf3aa0, 0x000002532cbf47c0, 0x000002532cd6e200, 0x000002532cb480a0,
0x00000253311c3770, 0x0000025331afecf0
}

Java Threads: ( => current thread )
=>0x000002530e1e4a90 JavaThread "main" [_thread_in_vm, id=21896, stack(0x000000718be00000,0x000000718bf00000)]
  0x000002532cb9b0e0 JavaThread "Reference Handler" daemon [_thread_blocked, id=24308, stack(0x000000718c500000,0x000000718c600000)]
  0x000002532cb9bbb0 JavaThread "Finalizer" daemon [_thread_blocked, id=24716, stack(0x000000718c600000,0x000000718c700000)]
  0x000002532cbfaa70 JavaThread "Signal Dispatcher" daemon [_thread_blocked, id=17396, stack(0x000000718c700000,0x000000718c800000)]
  0x000002532cbd65f0 JavaThread "Attach Listener" daemon [_thread_blocked, id=22864, stack(0x000000718c800000,0x000000718c900000)]
  0x000002532cbd6ec0 JavaThread "Service Thread" daemon [_thread_blocked, id=17196, stack(0x000000718c900000,0x000000718ca00000)]
  0x000002532cbd7790 JavaThread "Monitor Deflation Thread" daemon [_thread_blocked, id=24640, stack(0x000000718ca00000,0x000000718cb00000)]
  0x000002532cbfc680 JavaThread "C2 CompilerThread0" daemon [_thread_blocked, id=4232, stack(0x000000718cb00000,0x000000718cc00000)]
  0x000002532cbf3aa0 JavaThread "C1 CompilerThread0" daemon [_thread_blocked, id=21276, stack(0x000000718cc00000,0x000000718cd00000)]
  0x000002532cbf47c0 JavaThread "Sweeper thread" daemon [_thread_blocked, id=22596, stack(0x000000718cd00000,0x000000718ce00000)]
  0x000002532cd6e200 JavaThread "Notification Thread" daemon [_thread_blocked, id=8756, stack(0x000000718ce00000,0x000000718cf00000)]
  0x000002532cb480a0 JavaThread "Common-Cleaner" daemon [_thread_blocked, id=2176, stack(0x000000718d000000,0x000000718d100000)]
  0x00000253311c3770 JavaThread "C2 CompilerThread1" daemon [_thread_blocked, id=24776, stack(0x000000718d100000,0x000000718d200000)]
  0x0000025331afecf0 JavaThread "pool-1-thread-1" [_thread_blocked, id=16116, stack(0x000000718d700000,0x000000718d800000)]

Other Threads:
  0x000002532cb96620 VMThread "VM Thread" [stack: 0x000000718c400000,0x000000718c500000] [id=23044]
  0x000002532cc9d900 WatcherThread [stack: 0x000000718cf00000,0x000000718d000000] [id=25552]
  0x000002530e24c2c0 GCTaskThread "GC Thread#0" [stack: 0x000000718bf00000,0x000000718c000000] [id=23868]
  0x0000025331628ab0 GCTaskThread "GC Thread#1" [stack: 0x000000718d200000,0x000000718d300000] [id=23520]
  0x00000253312014f0 GCTaskThread "GC Thread#2" [stack: 0x000000718d300000,0x000000718d400000] [id=25596]
  0x00000253312017b0 GCTaskThread "GC Thread#3" [stack: 0x000000718d400000,0x000000718d500000] [id=18464]
  0x0000025331201a70 GCTaskThread "GC Thread#4" [stack: 0x000000718d500000,0x000000718d600000] [id=21364]
  0x0000025331a12570 GCTaskThread "GC Thread#5" [stack: 0x000000718d600000,0x000000718d700000] [id=2104]
  0x000002530e25cd20 ConcurrentGCThread "G1 Main Marker" [stack: 0x000000718c000000,0x000000718c100000] [id=10808]
  0x000002530e25d650 ConcurrentGCThread "G1 Conc#0" [stack: 0x000000718c100000,0x000000718c200000] [id=10532]
  0x000002532c8cc5f0 ConcurrentGCThread "G1 Refine#0" [stack: 0x000000718c200000,0x000000718c300000] [id=22908]
  0x000002532c8cce30 ConcurrentGCThread "G1 Service" [stack: 0x000000718c300000,0x000000718c400000] [id=24552]

Threads with active compile tasks:

VM state: not at safepoint (normal execution)

VM Mutex/Monitor currently owned by a thread:  ([mutex/lock_event])
[0x000002530e1e4270] Metaspace_lock - owner thread: 0x000002530e1e4a90

Heap address: 0x0000000704000000, size: 4032 MB, Compressed Oops mode: Zero based, Oop shift amount: 3

CDS archive(s) not mapped
Compressed class space mapped at: 0x0000000800000000-0x0000000840000000, reserved size: 1073741824
Narrow klass base: 0x0000000800000000, Narrow klass shift: 0, Narrow klass range: 0x40000000

GC Precious Log:
 CPUs: 8 total, 8 available
 Memory: 16122M
 Large Page Support: Disabled
 NUMA Support: Disabled
 Compressed Oops: Enabled (Zero based)
 Heap Region Size: 2M
 Heap Min Capacity: 8M
 Heap Initial Capacity: 252M
 Heap Max Capacity: 4032M
 Pre-touch: Disabled
 Parallel Workers: 8
 Concurrent Workers: 2
 Concurrent Refinement Workers: 8
 Periodic GC: Disabled

Heap:
 garbage-first heap   total 258048K, used 20329K [0x0000000704000000, 0x0000000800000000)
  region size 2048K, 8 young (16384K), 2 survivors (4096K)
 Metaspace       used 14843K, committed 14976K, reserved 1114112K
  class space    used 1730K, committed 1792K, reserved 1048576K

Heap Regions: E=young(eden), S=young(survivor), O=old, HS=humongous(starts), HC=humongous(continues), CS=collection set, F=free, OA=open archive, CA=closed archive, TAMS=top-at-mark-start (previous, next)
|   0|0x0000000704000000, 0x0000000704200000, 0x0000000704200000|100%|HS|  |TAMS 0x0000000704000000, 0x0000000704000000| Complete 
|   1|0x0000000704200000, 0x0000000704400000, 0x0000000704400000|100%|HC|  |TAMS 0x0000000704200000, 0x0000000704200000| Complete 
|   2|0x0000000704400000, 0x00000007045da400, 0x0000000704600000| 92%| O|  |TAMS 0x0000000704400000, 0x0000000704400000| Untracked 
|   3|0x0000000704600000, 0x0000000704600000, 0x0000000704800000|  0%| F|  |TAMS 0x0000000704600000, 0x0000000704600000| Untracked 
|   4|0x0000000704800000, 0x0000000704800000, 0x0000000704a00000|  0%| F|  |TAMS 0x0000000704800000, 0x0000000704800000| Untracked 
|   5|0x0000000704a00000, 0x0000000704a00000, 0x0000000704c00000|  0%| F|  |TAMS 0x0000000704a00000, 0x0000000704a00000| Untracked 
|   6|0x0000000704c00000, 0x0000000704c00000, 0x0000000704e00000|  0%| F|  |TAMS 0x0000000704c00000, 0x0000000704c00000| Untracked 
|   7|0x0000000704e00000, 0x0000000704e00000, 0x0000000705000000|  0%| F|  |TAMS 0x0000000704e00000, 0x0000000704e00000| Untracked 
|   8|0x0000000705000000, 0x0000000705000000, 0x0000000705200000|  0%| F|  |TAMS 0x0000000705000000, 0x0000000705000000| Untracked 
|   9|0x0000000705200000, 0x0000000705200000, 0x0000000705400000|  0%| F|  |TAMS 0x0000000705200000, 0x0000000705200000| Untracked 
|  10|0x0000000705400000, 0x0000000705400000, 0x0000000705600000|  0%| F|  |TAMS 0x0000000705400000, 0x0000000705400000| Untracked 
|  11|0x0000000705600000, 0x0000000705600000, 0x0000000705800000|  0%| F|  |TAMS 0x0000000705600000, 0x0000000705600000| Untracked 
|  12|0x0000000705800000, 0x0000000705800000, 0x0000000705a00000|  0%| F|  |TAMS 0x0000000705800000, 0x0000000705800000| Untracked 
|  13|0x0000000705a00000, 0x0000000705a00000, 0x0000000705c00000|  0%| F|  |TAMS 0x0000000705a00000, 0x0000000705a00000| Untracked 
|  14|0x0000000705c00000, 0x0000000705c00000, 0x0000000705e00000|  0%| F|  |TAMS 0x0000000705c00000, 0x0000000705c00000| Untracked 
|  15|0x0000000705e00000, 0x0000000705e00000, 0x0000000706000000|  0%| F|  |TAMS 0x0000000705e00000, 0x0000000705e00000| Untracked 
|  16|0x0000000706000000, 0x0000000706000000, 0x0000000706200000|  0%| F|  |TAMS 0x0000000706000000, 0x0000000706000000| Untracked 
|  17|0x0000000706200000, 0x0000000706200000, 0x0000000706400000|  0%| F|  |TAMS 0x0000000706200000, 0x0000000706200000| Untracked 
|  18|0x0000000706400000, 0x0000000706400000, 0x0000000706600000|  0%| F|  |TAMS 0x0000000706400000, 0x0000000706400000| Untracked 
|  19|0x0000000706600000, 0x0000000706600000, 0x0000000706800000|  0%| F|  |TAMS 0x0000000706600000, 0x0000000706600000| Untracked 
|  20|0x0000000706800000, 0x0000000706800000, 0x0000000706a00000|  0%| F|  |TAMS 0x0000000706800000, 0x0000000706800000| Untracked 
|  21|0x0000000706a00000, 0x0000000706a00000, 0x0000000706c00000|  0%| F|  |TAMS 0x0000000706a00000, 0x0000000706a00000| Untracked 
|  22|0x0000000706c00000, 0x0000000706c00000, 0x0000000706e00000|  0%| F|  |TAMS 0x0000000706c00000, 0x0000000706c00000| Untracked 
|  23|0x0000000706e00000, 0x0000000706e00000, 0x0000000707000000|  0%| F|  |TAMS 0x0000000706e00000, 0x0000000706e00000| Untracked 
|  24|0x0000000707000000, 0x0000000707000000, 0x0000000707200000|  0%| F|  |TAMS 0x0000000707000000, 0x0000000707000000| Untracked 
|  25|0x0000000707200000, 0x0000000707200000, 0x0000000707400000|  0%| F|  |TAMS 0x0000000707200000, 0x0000000707200000| Untracked 
|  26|0x0000000707400000, 0x0000000707400000, 0x0000000707600000|  0%| F|  |TAMS 0x0000000707400000, 0x0000000707400000| Untracked 
|  27|0x0000000707600000, 0x0000000707600000, 0x0000000707800000|  0%| F|  |TAMS 0x0000000707600000, 0x0000000707600000| Untracked 
|  28|0x0000000707800000, 0x0000000707800000, 0x0000000707a00000|  0%| F|  |TAMS 0x0000000707800000, 0x0000000707800000| Untracked 
|  29|0x0000000707a00000, 0x0000000707a00000, 0x0000000707c00000|  0%| F|  |TAMS 0x0000000707a00000, 0x0000000707a00000| Untracked 
|  30|0x0000000707c00000, 0x0000000707c00000, 0x0000000707e00000|  0%| F|  |TAMS 0x0000000707c00000, 0x0000000707c00000| Untracked 
|  31|0x0000000707e00000, 0x0000000707e00000, 0x0000000708000000|  0%| F|  |TAMS 0x0000000707e00000, 0x0000000707e00000| Untracked 
|  32|0x0000000708000000, 0x0000000708000000, 0x0000000708200000|  0%| F|  |TAMS 0x0000000708000000, 0x0000000708000000| Untracked 
|  33|0x0000000708200000, 0x0000000708200000, 0x0000000708400000|  0%| F|  |TAMS 0x0000000708200000, 0x0000000708200000| Untracked 
|  34|0x0000000708400000, 0x0000000708400000, 0x0000000708600000|  0%| F|  |TAMS 0x0000000708400000, 0x0000000708400000| Untracked 
|  35|0x0000000708600000, 0x0000000708600000, 0x0000000708800000|  0%| F|  |TAMS 0x0000000708600000, 0x0000000708600000| Untracked 
|  36|0x0000000708800000, 0x0000000708800000, 0x0000000708a00000|  0%| F|  |TAMS 0x0000000708800000, 0x0000000708800000| Untracked 
|  37|0x0000000708a00000, 0x0000000708a00000, 0x0000000708c00000|  0%| F|  |TAMS 0x0000000708a00000, 0x0000000708a00000| Untracked 
|  38|0x0000000708c00000, 0x0000000708c00000, 0x0000000708e00000|  0%| F|  |TAMS 0x0000000708c00000, 0x0000000708c00000| Untracked 
|  39|0x0000000708e00000, 0x0000000708e00000, 0x0000000709000000|  0%| F|  |TAMS 0x0000000708e00000, 0x0000000708e00000| Untracked 
|  40|0x0000000709000000, 0x0000000709000000, 0x0000000709200000|  0%| F|  |TAMS 0x0000000709000000, 0x0000000709000000| Untracked 
|  41|0x0000000709200000, 0x0000000709200000, 0x0000000709400000|  0%| F|  |TAMS 0x0000000709200000, 0x0000000709200000| Untracked 
|  42|0x0000000709400000, 0x0000000709400000, 0x0000000709600000|  0%| F|  |TAMS 0x0000000709400000, 0x0000000709400000| Untracked 
|  43|0x0000000709600000, 0x0000000709600000, 0x0000000709800000|  0%| F|  |TAMS 0x0000000709600000, 0x0000000709600000| Untracked 
|  44|0x0000000709800000, 0x0000000709800000, 0x0000000709a00000|  0%| F|  |TAMS 0x0000000709800000, 0x0000000709800000| Untracked 
|  45|0x0000000709a00000, 0x0000000709a00000, 0x0000000709c00000|  0%| F|  |TAMS 0x0000000709a00000, 0x0000000709a00000| Untracked 
|  46|0x0000000709c00000, 0x0000000709c00000, 0x0000000709e00000|  0%| F|  |TAMS 0x0000000709c00000, 0x0000000709c00000| Untracked 
|  47|0x0000000709e00000, 0x0000000709e00000, 0x000000070a000000|  0%| F|  |TAMS 0x0000000709e00000, 0x0000000709e00000| Untracked 
|  48|0x000000070a000000, 0x000000070a000000, 0x000000070a200000|  0%| F|  |TAMS 0x000000070a000000, 0x000000070a000000| Untracked 
|  49|0x000000070a200000, 0x000000070a200000, 0x000000070a400000|  0%| F|  |TAMS 0x000000070a200000, 0x000000070a200000| Untracked 
|  50|0x000000070a400000, 0x000000070a400000, 0x000000070a600000|  0%| F|  |TAMS 0x000000070a400000, 0x000000070a400000| Untracked 
|  51|0x000000070a600000, 0x000000070a600000, 0x000000070a800000|  0%| F|  |TAMS 0x000000070a600000, 0x000000070a600000| Untracked 
|  52|0x000000070a800000, 0x000000070a800000, 0x000000070aa00000|  0%| F|  |TAMS 0x000000070a800000, 0x000000070a800000| Untracked 
|  53|0x000000070aa00000, 0x000000070aa00000, 0x000000070ac00000|  0%| F|  |TAMS 0x000000070aa00000, 0x000000070aa00000| Untracked 
|  54|0x000000070ac00000, 0x000000070ac00000, 0x000000070ae00000|  0%| F|  |TAMS 0x000000070ac00000, 0x000000070ac00000| Untracked 
|  55|0x000000070ae00000, 0x000000070ae00000, 0x000000070b000000|  0%| F|  |TAMS 0x000000070ae00000, 0x000000070ae00000| Untracked 
|  56|0x000000070b000000, 0x000000070b000000, 0x000000070b200000|  0%| F|  |TAMS 0x000000070b000000, 0x000000070b000000| Untracked 
|  57|0x000000070b200000, 0x000000070b200000, 0x000000070b400000|  0%| F|  |TAMS 0x000000070b200000, 0x000000070b200000| Untracked 
|  58|0x000000070b400000, 0x000000070b400000, 0x000000070b600000|  0%| F|  |TAMS 0x000000070b400000, 0x000000070b400000| Untracked 
|  59|0x000000070b600000, 0x000000070b600000, 0x000000070b800000|  0%| F|  |TAMS 0x000000070b600000, 0x000000070b600000| Untracked 
|  60|0x000000070b800000, 0x000000070b800000, 0x000000070ba00000|  0%| F|  |TAMS 0x000000070b800000, 0x000000070b800000| Untracked 
|  61|0x000000070ba00000, 0x000000070ba00000, 0x000000070bc00000|  0%| F|  |TAMS 0x000000070ba00000, 0x000000070ba00000| Untracked 
|  62|0x000000070bc00000, 0x000000070bc00000, 0x000000070be00000|  0%| F|  |TAMS 0x000000070bc00000, 0x000000070bc00000| Untracked 
|  63|0x000000070be00000, 0x000000070be00000, 0x000000070c000000|  0%| F|  |TAMS 0x000000070be00000, 0x000000070be00000| Untracked 
|  64|0x000000070c000000, 0x000000070c000000, 0x000000070c200000|  0%| F|  |TAMS 0x000000070c000000, 0x000000070c000000| Untracked 
|  65|0x000000070c200000, 0x000000070c200000, 0x000000070c400000|  0%| F|  |TAMS 0x000000070c200000, 0x000000070c200000| Untracked 
|  66|0x000000070c400000, 0x000000070c400000, 0x000000070c600000|  0%| F|  |TAMS 0x000000070c400000, 0x000000070c400000| Untracked 
|  67|0x000000070c600000, 0x000000070c600000, 0x000000070c800000|  0%| F|  |TAMS 0x000000070c600000, 0x000000070c600000| Untracked 
|  68|0x000000070c800000, 0x000000070c800000, 0x000000070ca00000|  0%| F|  |TAMS 0x000000070c800000, 0x000000070c800000| Untracked 
|  69|0x000000070ca00000, 0x000000070ca00000, 0x000000070cc00000|  0%| F|  |TAMS 0x000000070ca00000, 0x000000070ca00000| Untracked 
|  70|0x000000070cc00000, 0x000000070cc00000, 0x000000070ce00000|  0%| F|  |TAMS 0x000000070cc00000, 0x000000070cc00000| Untracked 
|  71|0x000000070ce00000, 0x000000070ce00000, 0x000000070d000000|  0%| F|  |TAMS 0x000000070ce00000, 0x000000070ce00000| Untracked 
|  72|0x000000070d000000, 0x000000070d000000, 0x000000070d200000|  0%| F|  |TAMS 0x000000070d000000, 0x000000070d000000| Untracked 
|  73|0x000000070d200000, 0x000000070d200000, 0x000000070d400000|  0%| F|  |TAMS 0x000000070d200000, 0x000000070d200000| Untracked 
|  74|0x000000070d400000, 0x000000070d400000, 0x000000070d600000|  0%| F|  |TAMS 0x000000070d400000, 0x000000070d400000| Untracked 
|  75|0x000000070d600000, 0x000000070d600000, 0x000000070d800000|  0%| F|  |TAMS 0x000000070d600000, 0x000000070d600000| Untracked 
|  76|0x000000070d800000, 0x000000070d800000, 0x000000070da00000|  0%| F|  |TAMS 0x000000070d800000, 0x000000070d800000| Untracked 
|  77|0x000000070da00000, 0x000000070da00000, 0x000000070dc00000|  0%| F|  |TAMS 0x000000070da00000, 0x000000070da00000| Untracked 
|  78|0x000000070dc00000, 0x000000070dc00000, 0x000000070de00000|  0%| F|  |TAMS 0x000000070dc00000, 0x000000070dc00000| Untracked 
|  79|0x000000070de00000, 0x000000070de00000, 0x000000070e000000|  0%| F|  |TAMS 0x000000070de00000, 0x000000070de00000| Untracked 
|  80|0x000000070e000000, 0x000000070e000000, 0x000000070e200000|  0%| F|  |TAMS 0x000000070e000000, 0x000000070e000000| Untracked 
|  81|0x000000070e200000, 0x000000070e200000, 0x000000070e400000|  0%| F|  |TAMS 0x000000070e200000, 0x000000070e200000| Untracked 
|  82|0x000000070e400000, 0x000000070e400000, 0x000000070e600000|  0%| F|  |TAMS 0x000000070e400000, 0x000000070e400000| Untracked 
|  83|0x000000070e600000, 0x000000070e600000, 0x000000070e800000|  0%| F|  |TAMS 0x000000070e600000, 0x000000070e600000| Untracked 
|  84|0x000000070e800000, 0x000000070e800000, 0x000000070ea00000|  0%| F|  |TAMS 0x000000070e800000, 0x000000070e800000| Untracked 
|  85|0x000000070ea00000, 0x000000070ea00000, 0x000000070ec00000|  0%| F|  |TAMS 0x000000070ea00000, 0x000000070ea00000| Untracked 
|  86|0x000000070ec00000, 0x000000070ec00000, 0x000000070ee00000|  0%| F|  |TAMS 0x000000070ec00000, 0x000000070ec00000| Untracked 
|  87|0x000000070ee00000, 0x000000070ee00000, 0x000000070f000000|  0%| F|  |TAMS 0x000000070ee00000, 0x000000070ee00000| Untracked 
|  88|0x000000070f000000, 0x000000070f000000, 0x000000070f200000|  0%| F|  |TAMS 0x000000070f000000, 0x000000070f000000| Untracked 
|  89|0x000000070f200000, 0x000000070f200000, 0x000000070f400000|  0%| F|  |TAMS 0x000000070f200000, 0x000000070f200000| Untracked 
|  90|0x000000070f400000, 0x000000070f400000, 0x000000070f600000|  0%| F|  |TAMS 0x000000070f400000, 0x000000070f400000| Untracked 
|  91|0x000000070f600000, 0x000000070f600000, 0x000000070f800000|  0%| F|  |TAMS 0x000000070f600000, 0x000000070f600000| Untracked 
|  92|0x000000070f800000, 0x000000070f800000, 0x000000070fa00000|  0%| F|  |TAMS 0x000000070f800000, 0x000000070f800000| Untracked 
|  93|0x000000070fa00000, 0x000000070fa00000, 0x000000070fc00000|  0%| F|  |TAMS 0x000000070fa00000, 0x000000070fa00000| Untracked 
|  94|0x000000070fc00000, 0x000000070fc00000, 0x000000070fe00000|  0%| F|  |TAMS 0x000000070fc00000, 0x000000070fc00000| Untracked 
|  95|0x000000070fe00000, 0x000000070fe00000, 0x0000000710000000|  0%| F|  |TAMS 0x000000070fe00000, 0x000000070fe00000| Untracked 
|  96|0x0000000710000000, 0x0000000710000000, 0x0000000710200000|  0%| F|  |TAMS 0x0000000710000000, 0x0000000710000000| Untracked 
|  97|0x0000000710200000, 0x0000000710200000, 0x0000000710400000|  0%| F|  |TAMS 0x0000000710200000, 0x0000000710200000| Untracked 
|  98|0x0000000710400000, 0x0000000710400000, 0x0000000710600000|  0%| F|  |TAMS 0x0000000710400000, 0x0000000710400000| Untracked 
|  99|0x0000000710600000, 0x0000000710600000, 0x0000000710800000|  0%| F|  |TAMS 0x0000000710600000, 0x0000000710600000| Untracked 
| 100|0x0000000710800000, 0x0000000710800000, 0x0000000710a00000|  0%| F|  |TAMS 0x0000000710800000, 0x0000000710800000| Untracked 
| 101|0x0000000710a00000, 0x0000000710a00000, 0x0000000710c00000|  0%| F|  |TAMS 0x0000000710a00000, 0x0000000710a00000| Untracked 
| 102|0x0000000710c00000, 0x0000000710c00000, 0x0000000710e00000|  0%| F|  |TAMS 0x0000000710c00000, 0x0000000710c00000| Untracked 
| 103|0x0000000710e00000, 0x0000000710e00000, 0x0000000711000000|  0%| F|  |TAMS 0x0000000710e00000, 0x0000000710e00000| Untracked 
| 104|0x0000000711000000, 0x0000000711000000, 0x0000000711200000|  0%| F|  |TAMS 0x0000000711000000, 0x0000000711000000| Untracked 
| 105|0x0000000711200000, 0x0000000711200000, 0x0000000711400000|  0%| F|  |TAMS 0x0000000711200000, 0x0000000711200000| Untracked 
| 106|0x0000000711400000, 0x0000000711400000, 0x0000000711600000|  0%| F|  |TAMS 0x0000000711400000, 0x0000000711400000| Untracked 
| 107|0x0000000711600000, 0x0000000711600000, 0x0000000711800000|  0%| F|  |TAMS 0x0000000711600000, 0x0000000711600000| Untracked 
| 108|0x0000000711800000, 0x0000000711800000, 0x0000000711a00000|  0%| F|  |TAMS 0x0000000711800000, 0x0000000711800000| Untracked 
| 109|0x0000000711a00000, 0x0000000711a00000, 0x0000000711c00000|  0%| F|  |TAMS 0x0000000711a00000, 0x0000000711a00000| Untracked 
| 110|0x0000000711c00000, 0x0000000711c00000, 0x0000000711e00000|  0%| F|  |TAMS 0x0000000711c00000, 0x0000000711c00000| Untracked 
| 111|0x0000000711e00000, 0x0000000711e00000, 0x0000000712000000|  0%| F|  |TAMS 0x0000000711e00000, 0x0000000711e00000| Untracked 
| 112|0x0000000712000000, 0x0000000712000000, 0x0000000712200000|  0%| F|  |TAMS 0x0000000712000000, 0x0000000712000000| Untracked 
| 113|0x0000000712200000, 0x0000000712400000, 0x0000000712400000|100%| S|CS|TAMS 0x0000000712200000, 0x0000000712200000| Complete 
| 114|0x0000000712400000, 0x0000000712600000, 0x0000000712600000|100%| S|CS|TAMS 0x0000000712400000, 0x0000000712400000| Complete 
| 115|0x0000000712600000, 0x0000000712600000, 0x0000000712800000|  0%| F|  |TAMS 0x0000000712600000, 0x0000000712600000| Untracked 
| 116|0x0000000712800000, 0x0000000712800000, 0x0000000712a00000|  0%| F|  |TAMS 0x0000000712800000, 0x0000000712800000| Untracked 
| 117|0x0000000712a00000, 0x0000000712a00000, 0x0000000712c00000|  0%| F|  |TAMS 0x0000000712a00000, 0x0000000712a00000| Untracked 
| 118|0x0000000712c00000, 0x0000000712c00000, 0x0000000712e00000|  0%| F|  |TAMS 0x0000000712c00000, 0x0000000712c00000| Untracked 
| 119|0x0000000712e00000, 0x0000000712e00000, 0x0000000713000000|  0%| F|  |TAMS 0x0000000712e00000, 0x0000000712e00000| Untracked 
| 120|0x0000000713000000, 0x00000007130faaa8, 0x0000000713200000| 48%| E|  |TAMS 0x0000000713000000, 0x0000000713000000| Complete 
| 121|0x0000000713200000, 0x0000000713400000, 0x0000000713400000|100%| E|CS|TAMS 0x0000000713200000, 0x0000000713200000| Complete 
| 122|0x0000000713400000, 0x0000000713600000, 0x0000000713600000|100%| E|CS|TAMS 0x0000000713400000, 0x0000000713400000| Complete 
| 123|0x0000000713600000, 0x0000000713800000, 0x0000000713800000|100%| E|CS|TAMS 0x0000000713600000, 0x0000000713600000| Complete 
| 124|0x0000000713800000, 0x0000000713a00000, 0x0000000713a00000|100%| E|CS|TAMS 0x0000000713800000, 0x0000000713800000| Complete 
| 125|0x0000000713a00000, 0x0000000713c00000, 0x0000000713c00000|100%| E|CS|TAMS 0x0000000713a00000, 0x0000000713a00000| Complete 

Card table byte_map: [0x00000253211c0000,0x00000253219a0000] _byte_map_base: 0x000002531d9a0000

Marking Bits (Prev, Next): (CMBitMap*) 0x000002530e24c7f0, (CMBitMap*) 0x000002530e24c830
 Prev Bits: [0x0000025322180000, 0x0000025326080000)
 Next Bits: [0x0000025326080000, 0x0000025329f80000)

Polling page: 0x000002530c1a0000

Metaspace:

Usage:
  Non-class:     12.81 MB used.
      Class:      1.69 MB used.
       Both:     14.50 MB used.

Virtual space:
  Non-class space:       64.00 MB reserved,      12.88 MB ( 20%) committed,  1 nodes.
      Class space:        1.00 GB reserved,       1.75 MB ( <1%) committed,  1 nodes.
             Both:        1.06 GB reserved,      14.62 MB (  1%) committed. 

Chunk freelists:
   Non-Class:  2.42 MB
       Class:  14.25 MB
        Both:  16.67 MB

MaxMetaspaceSize: unlimited
CompressedClassSpaceSize: 1.00 GB
Initial GC threshold: 21.00 MB
Current GC threshold: 21.00 MB
CDS: off
MetaspaceReclaimPolicy: balanced
 - commit_granule_bytes: 65536.
 - commit_granule_words: 8192.
 - virtual_space_node_default_size: 8388608.
 - enlarge_chunks_in_place: 1.
 - new_chunks_are_fully_committed: 0.
 - uncommit_free_chunks: 1.
 - use_allocation_guard: 0.
 - handle_deallocations: 1.


Internal statistics:

num_allocs_failed_limit: 0.
num_arena_births: 72.
num_arena_deaths: 0.
num_vsnodes_births: 2.
num_vsnodes_deaths: 0.
num_space_committed: 234.
num_space_uncommitted: 0.
num_chunks_returned_to_freelist: 0.
num_chunks_taken_from_freelist: 270.
num_chunk_merges: 0.
num_chunk_splits: 176.
num_chunks_enlarged: 145.
num_inconsistent_stats: 0.

CodeHeap 'non-profiled nmethods': size=120000Kb used=423Kb max_used=423Kb free=119576Kb
 bounds [0x0000025319180000, 0x00000253193f0000, 0x00000253206b0000]
CodeHeap 'profiled nmethods': size=120000Kb used=1975Kb max_used=1975Kb free=118024Kb
 bounds [0x00000253116b0000, 0x0000025311920000, 0x0000025318be0000]
CodeHeap 'non-nmethods': size=5760Kb used=1161Kb max_used=1174Kb free=4598Kb
 bounds [0x0000025318be0000, 0x0000025318e50000, 0x0000025319180000]
 total_blobs=1506 nmethods=1065 adapters=354
 compilation: enabled
              stopped_count=0, restarted_count=0
 full_count=0

Compilation events (20 events):
Event: 0.795 Thread 0x000002532cbf3aa0 1055       3       jdk.internal.org.objectweb.asm.SymbolTable$Entry::<init> (18 bytes)
Event: 0.795 Thread 0x000002532cbf3aa0 nmethod 1055 0x0000025311897a90 code [0x0000025311897c40, 0x0000025311897dc8]
Event: 0.795 Thread 0x000002532cbf3aa0 1056       3       jdk.internal.org.objectweb.asm.MethodWriter::visitFieldInsn (258 bytes)
Event: 0.795 Thread 0x000002532cbf3aa0 nmethod 1056 0x0000025311897e90 code [0x0000025311898100, 0x0000025311898c88]
Event: 0.795 Thread 0x000002532cbf3aa0 1057       3       jdk.internal.org.objectweb.asm.SymbolTable::addConstantFieldref (10 bytes)
Event: 0.795 Thread 0x000002532cbf3aa0 nmethod 1057 0x0000025311899090 code [0x0000025311899220, 0x0000025311899368]
Event: 0.796 Thread 0x000002532cbf3aa0 1058       3       sun.security.provider.DigestBase::engineUpdate (189 bytes)
Event: 0.797 Thread 0x000002532cbf3aa0 nmethod 1058 0x0000025311899410 code [0x0000025311899680, 0x000002531189a378]
Event: 0.829 Thread 0x000002532cbf3aa0 1059       1       java.util.concurrent.atomic.AtomicReference::get (5 bytes)
Event: 0.829 Thread 0x000002532cbf3aa0 nmethod 1059 0x00000253191e8f90 code [0x00000253191e9120, 0x00000253191e91f8]
Event: 0.835 Thread 0x000002532cbf3aa0 1060       3       java.util.Arrays::copyOf (10 bytes)
Event: 0.835 Thread 0x000002532cbf3aa0 nmethod 1060 0x000002531189a710 code [0x000002531189a8c0, 0x000002531189aa08]
Event: 0.941 Thread 0x00000253311c3770 1061       4       java.lang.String::startsWith (7 bytes)
Event: 0.943 Thread 0x00000253311c3770 nmethod 1061 0x00000253191e9290 code [0x00000253191e9420, 0x00000253191e9678]
Event: 0.945 Thread 0x000002532cbf3aa0 1063       3       java.lang.invoke.MemberName::getName (25 bytes)
Event: 0.945 Thread 0x000002532cbf3aa0 nmethod 1063 0x000002531189ab10 code [0x000002531189ace0, 0x000002531189b088]
Event: 0.946 Thread 0x000002532cbf3aa0 1064       1       java.lang.invoke.DirectMethodHandle::internalMemberName (5 bytes)
Event: 0.946 Thread 0x000002532cbf3aa0 nmethod 1064 0x00000253191e9b90 code [0x00000253191e9d20, 0x00000253191e9df8]
Event: 0.946 Thread 0x000002532cbf3aa0 1065       3       java.lang.invoke.MemberName::checkForTypeAlias (172 bytes)
Event: 0.947 Thread 0x000002532cbf3aa0 nmethod 1065 0x000002531189b190 code [0x000002531189b600, 0x000002531189d4b8]

GC Heap History (2 events):
Event: 0.558 GC heap before
{Heap before GC invocations=0 (full 0):
 garbage-first heap   total 258048K, used 24576K [0x0000000704000000, 0x0000000800000000)
  region size 2048K, 11 young (22528K), 0 survivors (0K)
 Metaspace       used 11055K, committed 11264K, reserved 1114112K
  class space    used 1147K, committed 1216K, reserved 1048576K
}
Event: 0.561 GC heap after
{Heap after GC invocations=1 (full 0):
 garbage-first heap   total 258048K, used 10089K [0x0000000704000000, 0x0000000800000000)
  region size 2048K, 2 young (4096K), 2 survivors (4096K)
 Metaspace       used 11055K, committed 11264K, reserved 1114112K
  class space    used 1147K, committed 1216K, reserved 1048576K
}

Dll operation events (2 events):
Event: 0.005 Loaded shared library D:\Program Files\Android\Android Studio\jbr\bin\java.dll
Event: 0.089 Loaded shared library D:\Program Files\Android\Android Studio\jbr\bin\verify.dll

Deoptimization events (20 events):
Event: 0.658 Thread 0x000002530e1e4a90 DEOPT PACKING pc=0x00000253191db1b4 sp=0x000000718bef6910
Event: 0.658 Thread 0x000002530e1e4a90 DEOPT UNPACKING pc=0x0000025318c3a1a3 sp=0x000000718bef6898 mode 2
Event: 0.658 Thread 0x000002530e1e4a90 Uncommon trap: trap_request=0xffffffde fr.pc=0x00000253191db1b4 relative=0x0000000000000114
Event: 0.658 Thread 0x000002530e1e4a90 Uncommon trap: reason=class_check action=maybe_recompile pc=0x00000253191db1b4 method=jdk.internal.misc.Unsafe.allocateUninitializedArray(Ljava/lang/Class;I)Ljava/lang/Object; @ 51 c2
Event: 0.658 Thread 0x000002530e1e4a90 DEOPT PACKING pc=0x00000253191db1b4 sp=0x000000718bef69b0
Event: 0.658 Thread 0x000002530e1e4a90 DEOPT UNPACKING pc=0x0000025318c3a1a3 sp=0x000000718bef6938 mode 2
Event: 0.660 Thread 0x000002530e1e4a90 DEOPT PACKING pc=0x0000025311707256 sp=0x000000718bef8310
Event: 0.660 Thread 0x000002530e1e4a90 DEOPT UNPACKING pc=0x0000025318c3ace3 sp=0x000000718bef7798 mode 0
Event: 0.685 Thread 0x000002530e1e4a90 Uncommon trap: trap_request=0xffffff45 fr.pc=0x00000253191b49e4 relative=0x0000000000000fc4
Event: 0.685 Thread 0x000002530e1e4a90 Uncommon trap: reason=unstable_if action=reinterpret pc=0x00000253191b49e4 method=java.util.HashMap.putVal(ILjava/lang/Object;Ljava/lang/Object;ZZ)Ljava/lang/Object; @ 236 c2
Event: 0.686 Thread 0x000002530e1e4a90 DEOPT PACKING pc=0x00000253191b49e4 sp=0x000000718befbca0
Event: 0.686 Thread 0x000002530e1e4a90 DEOPT UNPACKING pc=0x0000025318c3a1a3 sp=0x000000718befbc78 mode 2
Event: 0.692 Thread 0x000002530e1e4a90 DEOPT PACKING pc=0x000002531174ca65 sp=0x000000718bef65d0
Event: 0.692 Thread 0x000002530e1e4a90 DEOPT UNPACKING pc=0x0000025318c3ace3 sp=0x000000718bef5a20 mode 0
Event: 0.735 Thread 0x000002530e1e4a90 DEOPT PACKING pc=0x000002531179cac8 sp=0x000000718befa020
Event: 0.735 Thread 0x000002530e1e4a90 DEOPT UNPACKING pc=0x0000025318c3ace3 sp=0x000000718bef9538 mode 0
Event: 0.791 Thread 0x000002530e1e4a90 Uncommon trap: trap_request=0xffffff45 fr.pc=0x00000253191d156c relative=0x0000000000001e2c
Event: 0.791 Thread 0x000002530e1e4a90 Uncommon trap: reason=unstable_if action=reinterpret pc=0x00000253191d156c method=java.io.WinNTFileSystem.normalize(Ljava/lang/String;)Ljava/lang/String; @ 128 c2
Event: 0.791 Thread 0x000002530e1e4a90 DEOPT PACKING pc=0x00000253191d156c sp=0x000000718befb780
Event: 0.791 Thread 0x000002530e1e4a90 DEOPT UNPACKING pc=0x0000025318c3a1a3 sp=0x000000718befb768 mode 2

Classes unloaded (0 events):
No events

Classes redefined (0 events):
No events

Internal exceptions (16 events):
Event: 0.177 Thread 0x000002530e1e4a90 Exception <a 'java/lang/NoSuchMethodError'{0x00000007139848a8}: 'int java.lang.invoke.DirectMethodHandle$Holder.invokeStaticInit(java.lang.Object, java.lang.Object)'> (0x00000007139848a8) 
thrown [s\src\hotspot\share\interpreter\linkResolver.cpp, line 771]
Event: 0.525 Thread 0x000002530e1e4a90 Exception <a 'java/lang/NoSuchMethodError'{0x00000007126a1570}: 'void java.lang.invoke.DirectMethodHandle$Holder.invokeStatic(java.lang.Object, java.lang.Object)'> (0x00000007126a1570) 
thrown [s\src\hotspot\share\interpreter\linkResolver.cpp, line 771]
Event: 0.541 Thread 0x000002530e1e4a90 Exception <a 'java/lang/NoClassDefFoundError'{0x000000071272afc0}: org/slf4j/impl/StaticMarkerBinder> (0x000000071272afc0) 
thrown [s\src\hotspot\share\classfile\systemDictionary.cpp, line 245]
Event: 0.550 Thread 0x000002530e1e4a90 Exception <a 'java/lang/NoSuchMethodError'{0x00000007127c67d8}: 'java.lang.Object java.lang.invoke.DirectMethodHandle$Holder.invokeVirtual(java.lang.Object, java.lang.Object, java.lang.Object, java.lang.Object, java.lang.Object, java.lang.Object, java.lang.Object)'> (0x00000007127c67d8) 
thrown [s\src\hotspot\share\interpreter\linkResolver.cpp, line 771]
Event: 0.552 Thread 0x000002530e1e4a90 Exception <a 'java/lang/NoSuchMethodError'{0x00000007127d85d0}: 'java.lang.Object java.lang.invoke.Invokers$Holder.invoker(java.lang.Object, java.lang.Object, java.lang.Object)'> (0x00000007127d85d0) 
thrown [s\src\hotspot\share\interpreter\linkResolver.cpp, line 771]
Event: 0.554 Thread 0x000002530e1e4a90 Exception <a 'java/lang/NoSuchMethodError'{0x00000007127e1678}: 'java.lang.Object java.lang.invoke.DirectMethodHandle$Holder.invokeStatic(java.lang.Object, java.lang.Object, int)'> (0x00000007127e1678) 
thrown [s\src\hotspot\share\interpreter\linkResolver.cpp, line 771]
Event: 0.556 Thread 0x000002530e1e4a90 Exception <a 'java/lang/NoSuchMethodError'{0x00000007127ed368}: 'void java.lang.invoke.DelegatingMethodHandle$Holder.delegate(java.lang.Object, java.lang.Object, int, java.lang.Object)'> (0x00000007127ed368) 
thrown [s\src\hotspot\share\interpreter\linkResolver.cpp, line 771]
Event: 0.556 Thread 0x000002530e1e4a90 Exception <a 'java/lang/NoSuchMethodError'{0x00000007127f14b0}: 'int java.lang.invoke.DirectMethodHandle$Holder.invokeSpecial(java.lang.Object, java.lang.Object, java.lang.Object)'> (0x00000007127f14b0) 
thrown [s\src\hotspot\share\interpreter\linkResolver.cpp, line 771]
Event: 0.562 Thread 0x000002530e1e4a90 Exception <a 'java/lang/NoSuchMethodError'{0x0000000713a04b10}: 'java.lang.Object java.lang.invoke.Invokers$Holder.invokeExact_MT(java.lang.Object, java.lang.Object, java.lang.Object, java.lang.Object)'> (0x0000000713a04b10) 
thrown [s\src\hotspot\share\interpreter\linkResolver.cpp, line 771]
Event: 0.640 Thread 0x000002530e1e4a90 Exception <a 'java/lang/NoSuchMethodError'{0x000000071369b150}: 'void java.lang.invoke.DirectMethodHandle$Holder.invokeSpecial(java.lang.Object, java.lang.Object, java.lang.Object)'> (0x000000071369b150) 
thrown [s\src\hotspot\share\interpreter\linkResolver.cpp, line 771]
Event: 0.649 Thread 0x000002530e1e4a90 Implicit null exception at 0x00000253191ca210 to 0x00000253191ca780
Event: 0.649 Thread 0x000002530e1e4a90 Implicit null exception at 0x00000253191bdf90 to 0x00000253191be4fc
Event: 0.665 Thread 0x000002530e1e4a90 Exception <a 'java/lang/NoSuchMethodError'{0x0000000713439290}: 'java.lang.Object java.lang.invoke.DirectMethodHandle$Holder.invokeStaticInit(java.lang.Object)'> (0x0000000713439290) 
thrown [s\src\hotspot\share\interpreter\linkResolver.cpp, line 771]
Event: 0.753 Thread 0x000002530e1e4a90 Exception <a 'java/lang/NoSuchMethodError'{0x0000000713041d18}: 'java.lang.Object java.lang.invoke.DirectMethodHandle$Holder.invokeStaticInit(java.lang.Object, int, int, int, int)'> (0x0000000713041d18) 
thrown [s\src\hotspot\share\interpreter\linkResolver.cpp, line 771]
Event: 0.795 Thread 0x000002530e1e4a90 Exception <a 'java/lang/NoSuchMethodError'{0x0000000713081a20}: 'java.lang.Object java.lang.invoke.DirectMethodHandle$Holder.invokeStaticInit(java.lang.Object, java.lang.Object, int, int, int, int)'> (0x0000000713081a20) 
thrown [s\src\hotspot\share\interpreter\linkResolver.cpp, line 771]
Event: 0.945 Thread 0x000002530e1e4a90 Exception <a 'java/lang/NoSuchMethodError'{0x00000007130ae378}: 'void java.lang.invoke.DirectMethodHandle$Holder.invokeStatic(java.lang.Object, java.lang.Object, java.lang.Object)'> (0x00000007130ae378) 
thrown [s\src\hotspot\share\interpreter\linkResolver.cpp, line 771]

VM Operations (12 events):
Event: 0.086 Executing VM operation: HandshakeAllThreads
Event: 0.086 Executing VM operation: HandshakeAllThreads done
Event: 0.541 Executing VM operation: ICBufferFull
Event: 0.541 Executing VM operation: ICBufferFull done
Event: 0.554 Executing VM operation: HandshakeAllThreads
Event: 0.554 Executing VM operation: HandshakeAllThreads done
Event: 0.558 Executing VM operation: G1CollectForAllocation
Event: 0.561 Executing VM operation: G1CollectForAllocation done
Event: 0.723 Executing VM operation: HandshakeAllThreads
Event: 0.723 Executing VM operation: HandshakeAllThreads done
Event: 0.792 Executing VM operation: HandshakeAllThreads
Event: 0.792 Executing VM operation: HandshakeAllThreads done

Events (20 events):
Event: 0.946 loading class java/net/StandardSocketOptions$StdSocketOption
Event: 0.946 loading class java/net/StandardSocketOptions$StdSocketOption done
Event: 0.946 loading class sun/nio/ch/DatagramChannelImpl$DefaultOptionsHolder
Event: 0.946 loading class sun/nio/ch/DatagramChannelImpl$DefaultOptionsHolder done
Event: 0.946 loading class sun/nio/ch/SocketOptionRegistry
Event: 0.946 loading class sun/nio/ch/SocketOptionRegistry done
Event: 0.947 loading class sun/nio/ch/SocketOptionRegistry$RegistryKey
Event: 0.947 loading class sun/nio/ch/SocketOptionRegistry$RegistryKey done
Event: 0.947 loading class sun/nio/ch/SocketOptionRegistry$LazyInitialization
Event: 0.947 loading class sun/nio/ch/SocketOptionRegistry$LazyInitialization done
Event: 0.947 loading class sun/nio/ch/OptionKey
Event: 0.947 loading class sun/nio/ch/OptionKey done
Event: 0.947 loading class sun/nio/ch/ExtendedSocketOption
Event: 0.947 loading class sun/nio/ch/ExtendedSocketOption done
Event: 0.947 loading class sun/nio/ch/ExtendedSocketOption$1
Event: 0.947 loading class sun/nio/ch/ExtendedSocketOption$1 done
Event: 0.949 loading class java/nio/channels/OverlappingFileLockException
Event: 0.949 loading class java/nio/channels/OverlappingFileLockException done
Event: 0.949 loading class java/io/EOFException
Event: 0.949 loading class java/io/EOFException done


Dynamic libraries:
0x00007ff6fb550000 - 0x00007ff6fb55a000 	D:\Program Files\Android\Android Studio\jbr\bin\java.exe
0x00007fffebbf0000 - 0x00007fffebe07000 	C:\WINDOWS\SYSTEM32\ntdll.dll
0x00007fffeb270000 - 0x00007fffeb334000 	C:\WINDOWS\System32\KERNEL32.DLL
0x00007fffe93d0000 - 0x00007fffe977d000 	C:\WINDOWS\System32\KERNELBASE.dll
0x00007fffe8f10000 - 0x00007fffe9021000 	C:\WINDOWS\System32\ucrtbase.dll
0x00007fffa40f0000 - 0x00007fffa4107000 	D:\Program Files\Android\Android Studio\jbr\bin\jli.dll
0x00007fffc0f00000 - 0x00007fffc0f1b000 	D:\Program Files\Android\Android Studio\jbr\bin\VCRUNTIME140.dll
0x00007fffea1e0000 - 0x00007fffea38e000 	C:\WINDOWS\System32\USER32.dll
0x00007fffca210000 - 0x00007fffca4a3000 	C:\WINDOWS\WinSxS\amd64_microsoft.windows.common-controls_6595b64144ccf1df_6.0.22621.3672_none_2713b9d173822955\COMCTL32.dll
0x00007fffe98f0000 - 0x00007fffe9916000 	C:\WINDOWS\System32\win32u.dll
0x00007fffeba70000 - 0x00007fffebb17000 	C:\WINDOWS\System32\msvcrt.dll
0x00007fffeb0f0000 - 0x00007fffeb119000 	C:\WINDOWS\System32\GDI32.dll
0x00007fffe9200000 - 0x00007fffe9319000 	C:\WINDOWS\System32\gdi32full.dll
0x00007fffe9160000 - 0x00007fffe91fa000 	C:\WINDOWS\System32\msvcp_win.dll
0x00007fffeb130000 - 0x00007fffeb161000 	C:\WINDOWS\System32\IMM32.DLL
0x00007fffd66e0000 - 0x00007fffd66ec000 	D:\Program Files\Android\Android Studio\jbr\bin\vcruntime140_1.dll
0x00007fff8ec10000 - 0x00007fff8ec9d000 	D:\Program Files\Android\Android Studio\jbr\bin\msvcp140.dll
0x00007fff4a660000 - 0x00007fff4b2e3000 	D:\Program Files\Android\Android Studio\jbr\bin\server\jvm.dll
0x00007fffe9b70000 - 0x00007fffe9c22000 	C:\WINDOWS\System32\ADVAPI32.dll
0x00007fffeb850000 - 0x00007fffeb8f9000 	C:\WINDOWS\System32\sechost.dll
0x00007fffe93a0000 - 0x00007fffe93c8000 	C:\WINDOWS\System32\bcrypt.dll
0x00007fffe9c30000 - 0x00007fffe9d44000 	C:\WINDOWS\System32\RPCRT4.dll
0x00007fffa59a0000 - 0x00007fffa59a9000 	C:\WINDOWS\SYSTEM32\WSOCK32.dll
0x00007fffe8c30000 - 0x00007fffe8c7d000 	C:\WINDOWS\SYSTEM32\POWRPROF.dll
0x00007fffe68e0000 - 0x00007fffe6914000 	C:\WINDOWS\SYSTEM32\WINMM.dll
0x00007fffebb20000 - 0x00007fffebb91000 	C:\WINDOWS\System32\WS2_32.dll
0x00007fffdc6a0000 - 0x00007fffdc6aa000 	C:\WINDOWS\SYSTEM32\VERSION.dll
0x00007fffe8c10000 - 0x00007fffe8c23000 	C:\WINDOWS\SYSTEM32\UMPDC.dll
0x00007fffe7f30000 - 0x00007fffe7f48000 	C:\WINDOWS\SYSTEM32\kernel.appcore.dll
0x00007fffd66c0000 - 0x00007fffd66ca000 	D:\Program Files\Android\Android Studio\jbr\bin\jimage.dll
0x00007fffe64f0000 - 0x00007fffe6722000 	C:\WINDOWS\SYSTEM32\DBGHELP.DLL
0x00007fffe9e50000 - 0x00007fffea1de000 	C:\WINDOWS\System32\combase.dll
0x00007fffe9d50000 - 0x00007fffe9e27000 	C:\WINDOWS\System32\OLEAUT32.dll
0x00007fffe68a0000 - 0x00007fffe68d2000 	C:\WINDOWS\SYSTEM32\dbgcore.DLL
0x00007fffe9320000 - 0x00007fffe939b000 	C:\WINDOWS\System32\bcryptPrimitives.dll
0x00007fffa40c0000 - 0x00007fffa40e5000 	D:\Program Files\Android\Android Studio\jbr\bin\java.dll
0x00007fffa3e60000 - 0x00007fffa3e78000 	D:\Program Files\Android\Android Studio\jbr\bin\zip.dll
0x00007fffea810000 - 0x00007fffeb077000 	C:\WINDOWS\System32\SHELL32.dll
0x00007fffe6e40000 - 0x00007fffe773f000 	C:\WINDOWS\SYSTEM32\windows.storage.dll
0x00007fffe6d00000 - 0x00007fffe6e3f000 	C:\WINDOWS\SYSTEM32\wintypes.dll
0x00007fffeb3c0000 - 0x00007fffeb4b9000 	C:\WINDOWS\System32\SHCORE.dll
0x00007fffeb080000 - 0x00007fffeb0de000 	C:\WINDOWS\System32\shlwapi.dll
0x00007fffe8e40000 - 0x00007fffe8e67000 	C:\WINDOWS\SYSTEM32\profapi.dll
0x00007fffa2f90000 - 0x00007fffa2fa9000 	D:\Program Files\Android\Android Studio\jbr\bin\net.dll
0x00007fffdebe0000 - 0x00007fffded16000 	C:\WINDOWS\SYSTEM32\WINHTTP.dll
0x00007fffe8390000 - 0x00007fffe83f9000 	C:\WINDOWS\system32\mswsock.dll
0x00007fffa08f0000 - 0x00007fffa0906000 	D:\Program Files\Android\Android Studio\jbr\bin\nio.dll
0x00007fffcc840000 - 0x00007fffcc850000 	D:\Program Files\Android\Android Studio\jbr\bin\verify.dll
0x00007fffc1360000 - 0x00007fffc1387000 	C:\Users\truon\.gradle\native\c067742578af261105cb4f569cf0c3c89f3d7b1fecec35dd04571415982c5e48\windows-amd64\native-platform.dll
0x00007fffc0ef0000 - 0x00007fffc0ef9000 	D:\Program Files\Android\Android Studio\jbr\bin\management.dll
0x00007fffc0cb0000 - 0x00007fffc0cbb000 	D:\Program Files\Android\Android Studio\jbr\bin\management_ext.dll
0x00007fffeb120000 - 0x00007fffeb128000 	C:\WINDOWS\System32\PSAPI.DLL
0x00007fffe85d0000 - 0x00007fffe85eb000 	C:\WINDOWS\SYSTEM32\CRYPTSP.dll
0x00007fffe7e90000 - 0x00007fffe7ec5000 	C:\WINDOWS\system32\rsaenh.dll
0x00007fffe8460000 - 0x00007fffe8488000 	C:\WINDOWS\SYSTEM32\USERENV.dll
0x00007fffe85f0000 - 0x00007fffe85fc000 	C:\WINDOWS\SYSTEM32\CRYPTBASE.dll
0x00007fffe7990000 - 0x00007fffe79bd000 	C:\WINDOWS\SYSTEM32\IPHLPAPI.DLL
0x00007fffeb900000 - 0x00007fffeb909000 	C:\WINDOWS\System32\NSI.dll
0x00007fffde380000 - 0x00007fffde399000 	C:\WINDOWS\SYSTEM32\dhcpcsvc6.DLL
0x00007fffde360000 - 0x00007fffde37f000 	C:\WINDOWS\SYSTEM32\dhcpcsvc.DLL
0x00007fffe79c0000 - 0x00007fffe7ab8000 	C:\WINDOWS\SYSTEM32\DNSAPI.dll

dbghelp: loaded successfully - version: 4.0.5 - missing functions: none
symbol engine: initialized successfully - sym options: 0x614 - pdb path: .;D:\Program Files\Android\Android Studio\jbr\bin;C:\WINDOWS\SYSTEM32;C:\WINDOWS\WinSxS\amd64_microsoft.windows.common-controls_6595b64144ccf1df_6.0.22621.3672_none_2713b9d173822955;D:\Program Files\Android\Android Studio\jbr\bin\server;C:\Users\truon\.gradle\native\c067742578af261105cb4f569cf0c3c89f3d7b1fecec35dd04571415982c5e48\windows-amd64

VM Arguments:
jvm_args: -Dorg.gradle.appname=gradlew 
java_command: org.gradle.wrapper.GradleWrapperMain -q -Ptarget-platform=android-arm64 -Ptarget=D:\Documents\SuperShop_projectHK4\SuperShop-App\lib\main.dart -Pbase-application-name=android.app.Application -Pdart-obfuscation=false -Ptrack-widget-creation=true -Ptree-shake-icons=false -Pfilesystem-scheme=org-dartlang-root assembleDebug
java_class_path (initial): D:\Documents\SuperShop_projectHK4\SuperShop-App\android\\gradle\wrapper\gradle-wrapper.jar
Launcher Type: SUN_STANDARD

[Global flags]
     intx CICompilerCount                          = 4                                         {product} {ergonomic}
     uint ConcGCThreads                            = 2                                         {product} {ergonomic}
     uint G1ConcRefinementThreads                  = 8                                         {product} {ergonomic}
   size_t G1HeapRegionSize                         = 2097152                                   {product} {ergonomic}
    uintx GCDrainStackTargetSize                   = 64                                        {product} {ergonomic}
   size_t InitialHeapSize                          = 264241152                                 {product} {ergonomic}
   size_t MarkStackSize                            = 4194304                                   {product} {ergonomic}
   size_t MaxHeapSize                              = 4227858432                                {product} {ergonomic}
   size_t MaxNewSize                               = 2535456768                                {product} {ergonomic}
   size_t MinHeapDeltaBytes                        = 2097152                                   {product} {ergonomic}
   size_t MinHeapSize                              = 8388608                                   {product} {ergonomic}
    uintx NonNMethodCodeHeapSize                   = 5839372                                {pd product} {ergonomic}
    uintx NonProfiledCodeHeapSize                  = 122909434                              {pd product} {ergonomic}
    uintx ProfiledCodeHeapSize                     = 122909434                              {pd product} {ergonomic}
    uintx ReservedCodeCacheSize                    = 251658240                              {pd product} {ergonomic}
     bool SegmentedCodeCache                       = true                                      {product} {ergonomic}
   size_t SoftMaxHeapSize                          = 4227858432                             {manageable} {ergonomic}
     bool UseCompressedClassPointers               = true                           {product lp64_product} {ergonomic}
     bool UseCompressedOops                        = true                           {product lp64_product} {ergonomic}
     bool UseG1GC                                  = true                                      {product} {ergonomic}
     bool UseLargePagesIndividualAllocation        = false                                  {pd product} {ergonomic}

Logging:
Log output configuration:
 #0: stdout all=warning uptime,level,tags
 #1: stderr all=off uptime,level,tags

Environment Variables:
JAVA_HOME=D:\Program Files\Android\Android Studio\jbr
CLASSPATH=D:\Documents\SuperShop_projectHK4\SuperShop-App\android\\gradle\wrapper\gradle-wrapper.jar
PATH=D:\Program Files\Android\Android Studio\jbr\bin;C:\Program Files\Common Files\Oracle\Java\javapath;C:\Program Files (x86)\Common Files\Oracle\Java\javapath;C:\Python311\Scripts\;C:\Python311\;C:\WINDOWS\system32;C:\WINDOWS;C:\WINDOWS\System32\Wbem;C:\WINDOWS\System32\WindowsPowerShell\v1.0\;C:\WINDOWS\System32\OpenSSH\;C:\Program Files\Git\cmd;C:\ProgramData\chocolatey\bin;C:\Program Files (x86)\Microsoft SQL Server\160\Tools\Binn\;C:\Program Files\Microsoft SQL Server\160\Tools\Binn\;C:\Program Files\Microsoft SQL Server\Client SDK\ODBC\170\Tools\Binn\;C:\Program Files\Microsoft SQL Server\160\DTS\Binn\;C:\Program Files\Azure Data Studio\bin;C:\xampp\php;C:\Program Files\Microsoft SQL Server\150\Tools\Binn\;C:\Program Files\dotnet\;C:\Program Files\Cloudflare\Cloudflare WARP\;C:\Program Files\nodejs\;C:\Program Files\Docker\Docker\resources\bin;C:\Users\truon\AppData\Local\Microsoft\WindowsApps;C:\Users\truon\AppData\Local\Programs\Microsoft VS Code\bin;C:\src\flutter\bin;C:\msys64\mingw64\bin;C:\Program Files\Azure Data Studio\bin;C:\Users\truon\.dotnet\tools;C:\Program Files\heroku\bin;D:\flutter\bin;D:\Program Files\Java\jdk-19\bin;D:\truon\AppData\Local\Android\android-sdk\cmdline-tools\latest\bin;D:\truon\AppData\Local\Android\android-sdk\platform-tools;D:\Program Files\Android\Android Studio\jbr\bin;D:\Program Files\JetBrains\IntelliJ IDEA Community Edition 2023.3.6\bin;D:\Program Files\MySQL\MySQL Server 8.0\bin;C:\Users\truon\AppData\Roaming\npm;C:\Users\truon\AppData\Local\Pub\Cache\bin;;D:\flutter\bin\mingit\cmd;D:\flutter\bin\mingit\cmd
USERNAME=ADMIN
OS=Windows_NT
PROCESSOR_IDENTIFIER=Intel64 Family 6 Model 140 Stepping 2, GenuineIntel
TMP=C:\Users\truon\AppData\Local\Temp
TEMP=C:\Users\truon\AppData\Local\Temp



Periodic native trim disabled

JNI global refs:
JNI global refs: 19, weak refs: 0

JNI global refs memory usage: 843, weak refs: 841

OOME stack traces (most recent first):
Classloader memory used:
Loader bootstrap                                                                       : 1388K
Loader org.gradle.internal.classloader.VisitableURLClassLoader                         : 423K
Loader java.net.URLClassLoader                                                         : 26124B
Loader jdk.internal.loader.ClassLoaders$AppClassLoader                                 : 18431B

Classes loaded by more than one classloader:
Class org.gradle.internal.installation.GradleInstallation                             : loaded 2 times (x 73B)
Class org.gradle.cli.ParsedCommandLine                                                : loaded 2 times (x 78B)
Class org.gradle.internal.classpath.ClassPath                                         : loaded 2 times (x 68B)
Class org.gradle.api.Action                                                           : loaded 2 times (x 68B)
Class org.gradle.cli.CommandLineParser$OptionString                                   : loaded 2 times (x 71B)
Class org.gradle.internal.installation.GradleInstallation$1                           : loaded 2 times (x 73B)
Class org.gradle.cli.CommandLineParser$AfterOptions                                   : loaded 2 times (x 75B)
Class org.gradle.cli.CommandLineParser$AfterFirstSubCommand                           : loaded 2 times (x 75B)
Class org.gradle.internal.service.UnknownServiceException                             : loaded 2 times (x 81B)
Class org.gradle.api.GradleException                                                  : loaded 2 times (x 80B)
Class org.gradle.api.internal.classpath.ModuleRegistry                                : loaded 2 times (x 68B)
Class org.gradle.cli.CommandLineParser$KnownOptionParserState                         : loaded 2 times (x 74B)
Class org.gradle.cli.AbstractPropertiesCommandLineConverter                           : loaded 2 times (x 81B)
Class org.gradle.api.specs.Spec                                                       : loaded 2 times (x 68B)
Class org.gradle.cli.SystemPropertiesCommandLineConverter                             : loaded 2 times (x 81B)
Class org.gradle.internal.IoActions                                                   : loaded 2 times (x 69B)
Class org.gradle.internal.installation.CurrentGradleInstallation                      : loaded 2 times (x 71B)
Class org.gradle.internal.installation.CurrentGradleInstallationLocator               : loaded 2 times (x 69B)
Class org.gradle.internal.classpath.DefaultClassPath                                  : loaded 2 times (x 88B)
Class org.gradle.api.Transformer                                                      : loaded 2 times (x 68B)
Class org.gradle.cli.CommandLineParser                                                : loaded 2 times (x 77B)
Class org.gradle.cli.CommandLineParser$BeforeFirstSubCommand                          : loaded 2 times (x 75B)
Class org.gradle.cli.CommandLineOption                                                : loaded 2 times (x 84B)
Class org.gradle.cli.CommandLineParser$ParserState                                    : loaded 2 times (x 74B)
Class org.gradle.cli.CommandLineParser$MissingOptionArgState                          : loaded 2 times (x 75B)
Class org.gradle.api.UncheckedIOException                                             : loaded 2 times (x 80B)
Class org.gradle.cli.ParsedCommandLineOption                                          : loaded 2 times (x 74B)
Class org.gradle.internal.classloader.ClasspathUtil                                   : loaded 2 times (x 69B)
Class org.gradle.cli.CommandLineParser$UnknownOptionParserState                       : loaded 2 times (x 74B)
Class org.gradle.internal.service.ServiceLookupException                              : loaded 2 times (x 80B)
Class org.gradle.util.internal.GUtil                                                  : loaded 2 times (x 69B)
Class org.gradle.cli.CommandLineParser$OptionAwareParserState                         : loaded 2 times (x 75B)
Class org.gradle.cli.CommandLineParser$OptionParserState                              : loaded 2 times (x 73B)
Class org.gradle.internal.Cast                                                        : loaded 2 times (x 69B)
Class org.gradle.cli.CommandLineConverter                                             : loaded 2 times (x 68B)
Class org.gradle.internal.classpath.DefaultClassPath$ImmutableUniqueList              : loaded 2 times (x 159B)
Class org.gradle.cli.AbstractCommandLineConverter                                     : loaded 2 times (x 77B)
Class org.gradle.cli.CommandLineArgumentException                                     : loaded 2 times (x 80B)


---------------  S Y S T E M  ---------------

OS:
 Windows 11 , 64 bit Build 22621 (10.0.22621.3958)
OS uptime: 0 days 7:02 hours
Hyper-V role detected

CPU: total 8 (initial active 8) (4 cores per cpu, 2 threads per core) family 6 model 140 stepping 2 microcode 0x16, cx8, cmov, fxsr, ht, mmx, 3dnowpref, sse, sse2, sse3, ssse3, sse4.1, sse4.2, popcnt, lzcnt, tsc, tscinvbit, avx, avx2, aes, erms, clmul, bmi1, bmi2, adx, avx512f, avx512dq, avx512cd, avx512bw, avx512vl, sha, fma, vzeroupper, avx512_vpopcntdq, avx512_vpclmulqdq, avx512_vaes, avx512_vnni, clflush, clflushopt, clwb, avx512_vbmi2, avx512_vbmi, hv
Processor Information for all 8 processors :
  Max Mhz: 2496, Current Mhz: 2496, Mhz Limit: 2496

Memory: 4k page, system-wide physical 16122M (698M free)
TotalPageFile size 32506M (AvailPageFile size 4M)
current process WorkingSet (physical memory assigned to process): 91M, peak: 91M
current process commit charge ("private bytes"): 357M, peak: 358M

vm_info: OpenJDK 64-Bit Server VM (17.0.9+0--11185874) for windows-amd64 JRE (17.0.9+0--11185874), built on Dec  6 2023 18:57:44 by "androidbuild" with MS VC++ 16.10 / 16.11 (VS2019)

END.
